[2023-03-25 12:26:36] 
         Error text: Error occured                                            
        | File: D:\OSPanel\domains\new-myshop.loc\public\index.php                        
        | String: 11 
        
=================
[2023-03-25 12:26:37] 
         Error text: Error occured                                            
        | File: D:\OSPanel\domains\new-myshop.loc\public\index.php                        
        | String: 11 
        
=================
[2023-03-25 12:27:04] 
         Error text: Error occured                                            
        | File: D:\OSPanel\domains\new-myshop.loc\public\index.php                        
        | String: 11 
        
=================
[2023-03-25 12:27:04] 
         Error text: Error occured                                            
        | File: D:\OSPanel\domains\new-myshop.loc\public\index.php                        
        | String: 11 
        
=================
[2023-03-25 12:27:05] 
         Error text: Error occured                                            
        | File: D:\OSPanel\domains\new-myshop.loc\public\index.php                        
        | String: 11 
        
=================
[2023-03-25 12:29:26] 
         Error text: Error occured                                            
        | File: D:\OSPanel\domains\new-myshop.loc\public\index.php                        
        | String: 11 
        
=================
[2023-03-25 12:29:27] 
         Error text: Error occured                                            
        | File: D:\OSPanel\domains\new-myshop.loc\public\index.php                        
        | String: 11 
        
=================
[2023-03-25 12:29:28] 
         Error text: Error occured                                            
        | File: D:\OSPanel\domains\new-myshop.loc\public\index.php                        
        | String: 11 
        
=================
[2023-03-25 12:29:28] 
         Error text: Error occured                                            
        | File: D:\OSPanel\domains\new-myshop.loc\public\index.php                        
        | String: 11 
        
=================
[2023-03-25 12:29:28] 
         Error text: Error occured                                            
        | File: D:\OSPanel\domains\new-myshop.loc\public\index.php                        
        | String: 11 
        
=================
[2023-03-25 12:29:28] 
         Error text: Error occured                                            
        | File: D:\OSPanel\domains\new-myshop.loc\public\index.php                        
        | String: 11 
        
=================
[2023-03-25 12:29:29] 
         Error text: Error occured                                            
        | File: D:\OSPanel\domains\new-myshop.loc\public\index.php                        
        | String: 11 
        
=================
[2023-03-25 12:29:29] 
         Error text: Error occured                                            
        | File: D:\OSPanel\domains\new-myshop.loc\public\index.php                        
        | String: 11 
        
=================
[2023-03-25 12:29:29] 
         Error text: Error occured                                            
        | File: D:\OSPanel\domains\new-myshop.loc\public\index.php                        
        | String: 11 
        
=================
[2023-03-25 12:29:29] 
         Error text: Error occured                                            
        | File: D:\OSPanel\domains\new-myshop.loc\public\index.php                        
        | String: 11 
        
=================
[2023-03-25 12:29:30] 
         Error text: Error occured                                            
        | File: D:\OSPanel\domains\new-myshop.loc\public\index.php                        
        | String: 11 
        
=================
[2023-03-25 12:29:30] 
         Error text: Error occured                                            
        | File: D:\OSPanel\domains\new-myshop.loc\public\index.php                        
        | String: 11 
        
=================
[2023-03-25 12:29:30] 
         Error text: Error occured                                            
        | File: D:\OSPanel\domains\new-myshop.loc\public\index.php                        
        | String: 11 
        
=================
[2023-03-25 12:29:30] 
         Error text: Error occured                                            
        | File: D:\OSPanel\domains\new-myshop.loc\public\index.php                        
        | String: 11 
        
=================
[2023-03-25 12:29:31] 
         Error text: Error occured                                            
        | File: D:\OSPanel\domains\new-myshop.loc\public\index.php                        
        | String: 11 
        
=================
[2023-03-25 12:29:43] 
         Error text: Error occured                                            
        | File: D:\OSPanel\domains\new-myshop.loc\public\index.php                        
        | String: 11 
        
=================
[2023-03-25 12:29:43] 
         Error text: Error occured                                            
        | File: D:\OSPanel\domains\new-myshop.loc\public\index.php                        
        | String: 11 
        
=================
[2023-03-25 12:29:44] 
         Error text: Error occured                                            
        | File: D:\OSPanel\domains\new-myshop.loc\public\index.php                        
        | String: 11 
        
=================
[2023-03-25 12:29:44] 
         Error text: Error occured                                            
        | File: D:\OSPanel\domains\new-myshop.loc\public\index.php                        
        | String: 11 
        
=================
[2023-03-25 12:29:44] 
         Error text: Error occured                                            
        | File: D:\OSPanel\domains\new-myshop.loc\public\index.php                        
        | String: 11 
        
=================
[2023-03-25 12:29:52] 
         Error text: Error occured                                            
        | File: D:\OSPanel\domains\new-myshop.loc\public\index.php                        
        | String: 11 
        
=================
[2023-03-25 12:29:52] 
         Error text: Error occured                                            
        | File: D:\OSPanel\domains\new-myshop.loc\public\index.php                        
        | String: 11 
        
=================
[2023-03-25 12:29:53] 
         Error text: Error occured                                            
        | File: D:\OSPanel\domains\new-myshop.loc\public\index.php                        
        | String: 11 
        
=================
[2023-03-25 12:30:13] 
         Error text: Error occured                                            
        | File: D:\OSPanel\domains\new-myshop.loc\public\index.php                        
        | String: 11 
        
=================
[2023-03-25 12:30:13] 
         Error text: Error occured                                            
        | File: D:\OSPanel\domains\new-myshop.loc\public\index.php                        
        | String: 11 
        
=================
[2023-03-25 12:30:14] 
         Error text: Error occured                                            
        | File: D:\OSPanel\domains\new-myshop.loc\public\index.php                        
        | String: 11 
        
=================
[2023-03-25 12:30:14] 
         Error text: Error occured                                            
        | File: D:\OSPanel\domains\new-myshop.loc\public\index.php                        
        | String: 11 
        
=================
[2023-03-25 12:30:14] 
         Error text: Error occured                                            
        | File: D:\OSPanel\domains\new-myshop.loc\public\index.php                        
        | String: 11 
        
=================
[2023-03-25 12:30:14] 
         Error text: Error occured                                            
        | File: D:\OSPanel\domains\new-myshop.loc\public\index.php                        
        | String: 11 
        
=================
[2023-03-25 12:30:14] 
         Error text: Error occured                                            
        | File: D:\OSPanel\domains\new-myshop.loc\public\index.php                        
        | String: 11 
        
=================
[2023-03-25 12:30:15] 
         Error text: Error occured                                            
        | File: D:\OSPanel\domains\new-myshop.loc\public\index.php                        
        | String: 11 
        
=================
[2023-03-25 12:30:15] 
         Error text: Error occured                                            
        | File: D:\OSPanel\domains\new-myshop.loc\public\index.php                        
        | String: 11 
        
=================
[2023-03-25 12:30:15] 
         Error text: Error occured                                            
        | File: D:\OSPanel\domains\new-myshop.loc\public\index.php                        
        | String: 11 
        
=================
[2023-03-25 12:30:15] 
         Error text: Error occured                                            
        | File: D:\OSPanel\domains\new-myshop.loc\public\index.php                        
        | String: 11 
        
=================
[2023-03-25 12:30:15] 
         Error text: Error occured                                            
        | File: D:\OSPanel\domains\new-myshop.loc\public\index.php                        
        | String: 11 
        
=================
[2023-03-25 12:31:58] 
         Error text: Error occured                                            
        | File: D:\OSPanel\domains\new-myshop.loc\public\index.php                        
        | String: 11 
        
=================
[2023-03-25 12:31:59] 
         Error text: Error occured                                            
        | File: D:\OSPanel\domains\new-myshop.loc\public\index.php                        
        | String: 11 
        
=================
[2023-03-25 12:31:59] 
         Error text: Error occured                                            
        | File: D:\OSPanel\domains\new-myshop.loc\public\index.php                        
        | String: 11 
        
=================
[2023-03-25 12:32:01] 
         Error text: Error occured                                            
        | File: D:\OSPanel\domains\new-myshop.loc\public\index.php                        
        | String: 11 
        
=================
[2023-03-25 12:32:01] 
         Error text: Error occured                                            
        | File: D:\OSPanel\domains\new-myshop.loc\public\index.php                        
        | String: 11 
        
=================
[2023-03-25 12:32:01] 
         Error text: Error occured                                            
        | File: D:\OSPanel\domains\new-myshop.loc\public\index.php                        
        | String: 11 
        
=================
[2023-03-25 12:32:09] 
         Error text: Error occured                                            
        | File: D:\OSPanel\domains\new-myshop.loc\public\index.php                        
        | String: 11 
        
=================
[2023-03-25 12:32:09] 
         Error text: Error occured                                            
        | File: D:\OSPanel\domains\new-myshop.loc\public\index.php                        
        | String: 11 
        
=================
[2023-03-25 12:33:35] 
         Error text: Error occured                                            
        | File: D:\OSPanel\domains\new-myshop.loc\public\index.php                        
        | String: 11 
        
=================
[2023-03-25 12:33:35] 
         Error text: Error occured                                            
        | File: D:\OSPanel\domains\new-myshop.loc\public\index.php                        
        | String: 11 
        
=================
[2023-03-25 12:33:36] 
         Error text: Error occured                                            
        | File: D:\OSPanel\domains\new-myshop.loc\public\index.php                        
        | String: 11 
        
=================
[2023-03-25 12:33:36] 
         Error text: Error occured                                            
        | File: D:\OSPanel\domains\new-myshop.loc\public\index.php                        
        | String: 11 
        
=================
[2023-03-25 12:33:36] 
         Error text: Error occured                                            
        | File: D:\OSPanel\domains\new-myshop.loc\public\index.php                        
        | String: 11 
        
=================
[2023-03-25 12:33:37] 
         Error text: Error occured                                            
        | File: D:\OSPanel\domains\new-myshop.loc\public\index.php                        
        | String: 11 
        
=================
[2023-03-25 12:33:37] 
         Error text: Error occured                                            
        | File: D:\OSPanel\domains\new-myshop.loc\public\index.php                        
        | String: 11 
        
=================
[2023-03-25 12:33:38] 
         Error text: Error occured                                            
        | File: D:\OSPanel\domains\new-myshop.loc\public\index.php                        
        | String: 11 
        
=================
[2023-03-25 12:33:38] 
         Error text: Error occured                                            
        | File: D:\OSPanel\domains\new-myshop.loc\public\index.php                        
        | String: 11 
        
=================
[2023-03-25 12:33:38] 
         Error text: Error occured                                            
        | File: D:\OSPanel\domains\new-myshop.loc\public\index.php                        
        | String: 11 
        
=================
[2023-03-25 12:33:38] 
         Error text: Error occured                                            
        | File: D:\OSPanel\domains\new-myshop.loc\public\index.php                        
        | String: 11 
        
=================
[2023-03-25 12:33:39] 
         Error text: Error occured                                            
        | File: D:\OSPanel\domains\new-myshop.loc\public\index.php                        
        | String: 11 
        
=================
[2023-03-25 12:33:39] 
         Error text: Error occured                                            
        | File: D:\OSPanel\domains\new-myshop.loc\public\index.php                        
        | String: 11 
        
=================
[2023-03-25 12:33:39] 
         Error text: Error occured                                            
        | File: D:\OSPanel\domains\new-myshop.loc\public\index.php                        
        | String: 11 
        
=================
[2023-03-25 12:33:40] 
         Error text: Error occured                                            
        | File: D:\OSPanel\domains\new-myshop.loc\public\index.php                        
        | String: 11 
        
=================
[2023-03-25 12:33:40] 
         Error text: Error occured                                            
        | File: D:\OSPanel\domains\new-myshop.loc\public\index.php                        
        | String: 11 
        
=================
[2023-03-25 12:33:40] 
         Error text: Error occured                                            
        | File: D:\OSPanel\domains\new-myshop.loc\public\index.php                        
        | String: 11 
        
=================
[2023-03-25 12:33:40] 
         Error text: Error occured                                            
        | File: D:\OSPanel\domains\new-myshop.loc\public\index.php                        
        | String: 11 
        
=================
[2023-03-25 12:33:41] 
         Error text: Error occured                                            
        | File: D:\OSPanel\domains\new-myshop.loc\public\index.php                        
        | String: 11 
        
=================
[2023-03-25 12:33:41] 
         Error text: Error occured                                            
        | File: D:\OSPanel\domains\new-myshop.loc\public\index.php                        
        | String: 11 
        
=================
[2023-03-25 12:33:41] 
         Error text: Error occured                                            
        | File: D:\OSPanel\domains\new-myshop.loc\public\index.php                        
        | String: 11 
        
=================
[2023-03-25 12:33:41] 
         Error text: Error occured                                            
        | File: D:\OSPanel\domains\new-myshop.loc\public\index.php                        
        | String: 11 
        
=================
[2023-03-25 12:33:42] 
         Error text: Error occured                                            
        | File: D:\OSPanel\domains\new-myshop.loc\public\index.php                        
        | String: 11 
        
=================
[2023-03-25 12:33:42] 
         Error text: Error occured                                            
        | File: D:\OSPanel\domains\new-myshop.loc\public\index.php                        
        | String: 11 
        
=================
[2023-03-25 12:33:42] 
         Error text: Error occured                                            
        | File: D:\OSPanel\domains\new-myshop.loc\public\index.php                        
        | String: 11 
        
=================
[2023-03-25 12:33:42] 
         Error text: Error occured                                            
        | File: D:\OSPanel\domains\new-myshop.loc\public\index.php                        
        | String: 11 
        
=================
[2023-03-25 12:33:43] 
         Error text: Error occured                                            
        | File: D:\OSPanel\domains\new-myshop.loc\public\index.php                        
        | String: 11 
        
=================
[2023-03-25 12:33:43] 
         Error text: Error occured                                            
        | File: D:\OSPanel\domains\new-myshop.loc\public\index.php                        
        | String: 11 
        
=================
[2023-03-25 12:33:43] 
         Error text: Error occured                                            
        | File: D:\OSPanel\domains\new-myshop.loc\public\index.php                        
        | String: 11 
        
=================
[2023-03-25 12:33:44] 
         Error text: Error occured                                            
        | File: D:\OSPanel\domains\new-myshop.loc\public\index.php                        
        | String: 11 
        
=================
[2023-03-25 12:33:44] 
         Error text: Error occured                                            
        | File: D:\OSPanel\domains\new-myshop.loc\public\index.php                        
        | String: 11 
        
=================
[2023-03-25 12:33:44] 
         Error text: Error occured                                            
        | File: D:\OSPanel\domains\new-myshop.loc\public\index.php                        
        | String: 11 
        
=================
[2023-03-25 12:33:44] 
         Error text: Error occured                                            
        | File: D:\OSPanel\domains\new-myshop.loc\public\index.php                        
        | String: 11 
        
=================
[2023-03-25 12:33:44] 
         Error text: Error occured                                            
        | File: D:\OSPanel\domains\new-myshop.loc\public\index.php                        
        | String: 11 
        
=================
